Using pre-set license
Built from '2021.3/staging' branch; Version is '2021.3.21f1 (1b156197d683) revision 1774945'; Using compiler version '192829333'; Build Type 'Release'
OS: 'Windows 11  (10.0.22621) 64bit Core' Language: 'en' Physical Memory: 16243 MB
BatchMode: 1, IsHumanControllingUs: 0, StartBugReporterOnCrash: 0, Is64bit: 1, IsPro: 1

COMMAND LINE ARGUMENTS:
C:\Program Files\Unity\Hub\Editor\2021.3.21f1\Editor\Unity.exe
-adb2
-batchMode
-noUpm
-name
AssetImportWorker1
-projectPath
C:/Users/beedi/OneDrive/Documents/GitHub/laser/laser-defender-matthewdozeman
-logFile
Logs/AssetImportWorker1.log
-srvPort
63771
Successfully changed project path to: C:/Users/beedi/OneDrive/Documents/GitHub/laser/laser-defender-matthewdozeman
C:/Users/beedi/OneDrive/Documents/GitHub/laser/laser-defender-matthewdozeman
[UnityMemory] Configuration Parameters - Can be set up in boot.config
    "memorysetup-bucket-allocator-granularity=16"
    "memorysetup-bucket-allocator-bucket-count=8"
    "memorysetup-bucket-allocator-block-size=33554432"
    "memorysetup-bucket-allocator-block-count=8"
    "memorysetup-main-allocator-block-size=16777216"
    "memorysetup-thread-allocator-block-size=16777216"
    "memorysetup-gfx-main-allocator-block-size=16777216"
    "memorysetup-gfx-thread-allocator-block-size=16777216"
    "memorysetup-cache-allocator-block-size=4194304"
    "memorysetup-typetree-allocator-block-size=2097152"
    "memorysetup-profiler-bucket-allocator-granularity=16"
    "memorysetup-profiler-bucket-allocator-bucket-count=8"
    "memorysetup-profiler-bucket-allocator-block-size=33554432"
    "memorysetup-profiler-bucket-allocator-block-count=8"
    "memorysetup-profiler-allocator-block-size=16777216"
    "memorysetup-profiler-editor-allocator-block-size=1048576"
    "memorysetup-temp-allocator-size-main=16777216"
    "memorysetup-job-temp-allocator-block-size=2097152"
    "memorysetup-job-temp-allocator-block-size-background=1048576"
    "memorysetup-job-temp-allocator-reduction-small-platforms=262144"
    "memorysetup-temp-allocator-size-background-worker=32768"
    "memorysetup-temp-allocator-size-job-worker=262144"
    "memorysetup-temp-allocator-size-preload-manager=33554432"
    "memorysetup-temp-allocator-size-nav-mesh-worker=65536"
    "memorysetup-temp-allocator-size-audio-worker=65536"
    "memorysetup-temp-allocator-size-cloud-worker=32768"
    "memorysetup-temp-allocator-size-gi-baking-worker=262144"
    "memorysetup-temp-allocator-size-gfx=262144"
Player connection [21008] Host "[IP] 192.168.12.142 [Port] 0 [Flags] 2 [Guid] 425896580 [EditorId] 425896580 [Version] 1048832 [Id] WindowsEditor(7,computer) [Debug] 1 [PackageName] WindowsEditor [ProjectName] Editor" joined multi-casting on [225.0.0.222:54997]...

Player connection [21008] Host "[IP] 192.168.12.142 [Port] 0 [Flags] 2 [Guid] 425896580 [EditorId] 425896580 [Version] 1048832 [Id] WindowsEditor(7,computer) [Debug] 1 [PackageName] WindowsEditor [ProjectName] Editor" joined alternative multi-casting on [225.0.0.222:34997]...

Refreshing native plugins compatible for Editor in 89.63 ms, found 4 plugins.
Preloading 0 native plugins for Editor in 0.00 ms.
Initialize engine version: 2021.3.21f1 (1b156197d683)
[Subsystems] Discovering subsystems at path C:/Program Files/Unity/Hub/Editor/2021.3.21f1/Editor/Data/Resources/UnitySubsystems
[Subsystems] Discovering subsystems at path C:/Users/beedi/OneDrive/Documents/GitHub/laser/laser-defender-matthewdozeman/Assets
GfxDevice: creating device client; threaded=0; jobified=0
Direct3D:
    Version:  Direct3D 11.0 [level 11.1]
    Renderer: AMD Radeon RX 6600 XT (ID=0x73ff)
    Vendor:   ATI
    VRAM:     8147 MB
    Driver:   31.0.12029.10015
Initialize mono
Mono path[0] = 'C:/Program Files/Unity/Hub/Editor/2021.3.21f1/Editor/Data/Managed'
Mono path[1] = 'C:/Program Files/Unity/Hub/Editor/2021.3.21f1/Editor/Data/MonoBleedingEdge/lib/mono/unityjit-win32'
Mono config path = 'C:/Program Files/Unity/Hub/Editor/2021.3.21f1/Editor/Data/MonoBleedingEdge/etc'
Using monoOptions --debugger-agent=transport=dt_socket,embedding=1,server=y,suspend=n,address=127.0.0.1:56972
Begin MonoManager ReloadAssembly
Registering precompiled unity dll's ...
Register platform support module: C:/Program Files/Unity/Hub/Editor/2021.3.21f1/Editor/Data/PlaybackEngines/WindowsStandaloneSupport/UnityEditor.WindowsStandalone.Extensions.dll
Registered in 0.002968 seconds.
Native extension for WindowsStandalone target not found
Refreshing native plugins compatible for Editor in 69.86 ms, found 4 plugins.
Preloading 0 native plugins for Editor in 0.00 ms.
Mono: successfully reloaded assembly
- Completed reload, in  0.541 seconds
Domain Reload Profiling:
	ReloadAssembly (542ms)
		BeginReloadAssembly (69ms)
			ExecutionOrderSort (0ms)
			DisableScriptedObjects (0ms)
			BackupInstance (0ms)
			ReleaseScriptingObjects (0ms)
			CreateAndSetChildDomain (1ms)
		EndReloadAssembly (386ms)
			LoadAssemblies (68ms)
			RebuildTransferFunctionScriptingTraits (0ms)
			SetupTypeCache (92ms)
			ReleaseScriptCaches (0ms)
			RebuildScriptCaches (19ms)
			SetupLoadedEditorAssemblies (235ms)
				LogAssemblyErrors (0ms)
				InitializePlatformSupportModulesInManaged (6ms)
				SetLoadedEditorAssemblies (0ms)
				RefreshPlugins (70ms)
				BeforeProcessingInitializeOnLoad (1ms)
				ProcessInitializeOnLoadAttributes (119ms)
				ProcessInitializeOnLoadMethodAttributes (39ms)
				AfterProcessingInitializeOnLoad (0ms)
				EditorAssembliesLoaded (0ms)
			ExecutionOrderSort2 (0ms)
			AwakeInstancesAfterBackupRestoration (0ms)
Platform modules already initialized, skipping
Registering precompiled user dll's ...
Registered in 0.005222 seconds.
Begin MonoManager ReloadAssembly
Symbol file LoadedFromMemory doesn't match image C:\Users\beedi\OneDrive\Documents\GitHub\laser\laser-defender-matthewdozeman\Library\PackageCache\com.unity.visualscripting@1.8.0\Editor\VisualScripting.Core\Dependencies\YamlDotNet\Unity.VisualScripting.YamlDotNet.dll
Symbol file LoadedFromMemory doesn't match image C:\Users\beedi\OneDrive\Documents\GitHub\laser\laser-defender-matthewdozeman\Library\PackageCache\com.unity.visualscripting@1.8.0\Editor\VisualScripting.Core\Dependencies\DotNetZip\Unity.VisualScripting.IonicZip.dll
Native extension for WindowsStandalone target not found
Refreshing native plugins compatible for Editor in 73.91 ms, found 4 plugins.
Preloading 0 native plugins for Editor in 0.00 ms.
Mono: successfully reloaded assembly
- Completed reload, in  1.006 seconds
Domain Reload Profiling:
	ReloadAssembly (1007ms)
		BeginReloadAssembly (105ms)
			ExecutionOrderSort (0ms)
			DisableScriptedObjects (4ms)
			BackupInstance (0ms)
			ReleaseScriptingObjects (0ms)
			CreateAndSetChildDomain (17ms)
		EndReloadAssembly (814ms)
			LoadAssemblies (85ms)
			RebuildTransferFunctionScriptingTraits (0ms)
			SetupTypeCache (215ms)
			ReleaseScriptCaches (1ms)
			RebuildScriptCaches (54ms)
			SetupLoadedEditorAssemblies (430ms)
				LogAssemblyErrors (0ms)
				InitializePlatformSupportModulesInManaged (4ms)
				SetLoadedEditorAssemblies (0ms)
				RefreshPlugins (74ms)
				BeforeProcessingInitializeOnLoad (77ms)
				ProcessInitializeOnLoadAttributes (246ms)
				ProcessInitializeOnLoadMethodAttributes (24ms)
				AfterProcessingInitializeOnLoad (4ms)
				EditorAssembliesLoaded (0ms)
			ExecutionOrderSort2 (0ms)
			AwakeInstancesAfterBackupRestoration (5ms)
Platform modules already initialized, skipping
========================================================================
Worker process is ready to serve import requests
Launched and connected shader compiler UnityShaderCompiler.exe after 0.03 seconds
Refreshing native plugins compatible for Editor in 1.14 ms, found 4 plugins.
Preloading 0 native plugins for Editor in 0.00 ms.
Unloading 4149 Unused Serialized files (Serialized files now loaded: 0)
Unloading 34 unused Assets / (56.2 KB). Loaded Objects now: 4605.
Memory consumption went from 160.9 MB to 160.8 MB.
Total: 4.451600 ms (FindLiveObjects: 0.372200 ms CreateObjectMapping: 0.335900 ms MarkObjects: 3.638500 ms  DeleteObjects: 0.103500 ms)

AssetImportParameters requested are different than current active one (requested -> active):
  custom:video-decoder-ogg-theora: a1e56fd34408186e4bbccfd4996cb3dc -> 
  custom:container-muxer-webm: aa71ff27fc2769a1b78a27578f13a17b -> 
  custom:container-demuxer-webm: 4f35f7cbe854078d1ac9338744f61a02 -> 
  custom:video-encoder-webm-vp8: eb34c28f22e8b96e1ab97ce403110664 -> 
  custom:audio-encoder-webm-vorbis: bf7c407c2cedff20999df2af8eb42d56 -> 
  custom:framework-win-MediaFoundation: 216162199b28c13a410421893ffa2e32 -> 
  custom:container-demuxer-ogg: 62fdf1f143b41e24485cea50d1cbac27 -> 
  custom:video-decoder-webm-vp8: 9c59270c3fd7afecdb556c50c9e8de78 -> 
  custom:audio-decoder-ogg-vorbis: bf7c407c2cedff20999df2af8eb42d56 -> 
========================================================================
Received Import Request.
  Time since last request: 1042768.023363 seconds.
  path: Assets/Scripts
  artifactKey: Guid(c64d9bc9adad87d47b325eb956b18267) Importer(815301076,1909f56bfc062723c751e8b465ee728b)
Start importing Assets/Scripts using Guid(c64d9bc9adad87d47b325eb956b18267) Importer(815301076,1909f56bfc062723c751e8b465ee728b)  -> (artifact id: '3d3cd199bd1f6c0ad158572a98acc003') in 0.011987 seconds 
========================================================================
Received Import Request.
  Time since last request: 93.236463 seconds.
  path: Assets/Prefabs/Background.prefab
  artifactKey: Guid(9a049a6fa5d79cc41a3c467ade9ba2ca) Importer(815301076,1909f56bfc062723c751e8b465ee728b)
Start importing Assets/Prefabs/Background.prefab using Guid(9a049a6fa5d79cc41a3c467ade9ba2ca) Importer(815301076,1909f56bfc062723c751e8b465ee728b)  -> (artifact id: '7800498d5435a4622463f02422ba6b1f') in 0.153092 seconds 
========================================================================
Received Import Request.
  Time since last request: 0.000028 seconds.
  path: Assets/Prefabs/Projectile_Player.prefab
  artifactKey: Guid(b8518c306556ee94991495c1b1e9294c) Importer(815301076,1909f56bfc062723c751e8b465ee728b)
Start importing Assets/Prefabs/Projectile_Player.prefab using Guid(b8518c306556ee94991495c1b1e9294c) Importer(815301076,1909f56bfc062723c751e8b465ee728b)  -> (artifact id: '39d8aab8e3bd4b6dab51fef0c7e1bab4') in 0.025741 seconds 
========================================================================
Received Import Request.
  Time since last request: 0.000035 seconds.
  path: Assets/Prefabs/ScoreKeeper.prefab
  artifactKey: Guid(fa93e92eaac182d45b927d8c8165f088) Importer(815301076,1909f56bfc062723c751e8b465ee728b)
Start importing Assets/Prefabs/ScoreKeeper.prefab using Guid(fa93e92eaac182d45b927d8c8165f088) Importer(815301076,1909f56bfc062723c751e8b465ee728b)  -> (artifact id: '850da2701a1b8670f3212f36619de0a0') in 0.008120 seconds 
========================================================================
Received Import Request.
  Time since last request: 0.000023 seconds.
  path: Assets/Prefabs/Projectile_Enemy.prefab
  artifactKey: Guid(daadf7954d7738d4891409b2865576de) Importer(815301076,1909f56bfc062723c751e8b465ee728b)
Start importing Assets/Prefabs/Projectile_Enemy.prefab using Guid(daadf7954d7738d4891409b2865576de) Importer(815301076,1909f56bfc062723c751e8b465ee728b)  -> (artifact id: 'c2c2d742093e6ec176cb30637db72b37') in 0.013007 seconds 
========================================================================
Received Import Request.
  Time since last request: 0.000018 seconds.
  path: Assets/Prefabs/Player.prefab
  artifactKey: Guid(f806475addda7b74e938fab1c1322e82) Importer(815301076,1909f56bfc062723c751e8b465ee728b)
Start importing Assets/Prefabs/Player.prefab using Guid(f806475addda7b74e938fab1c1322e82) Importer(815301076,1909f56bfc062723c751e8b465ee728b)  -> (artifact id: 'd3e56d95bb5da7419ded337c5fae2eae') in 0.017389 seconds 
========================================================================
Received Import Request.
  Time since last request: 0.000030 seconds.
  path: Assets/Prefabs/enemy 1.prefab
  artifactKey: Guid(1561e237e30c3b549a1a7c118cabb67b) Importer(815301076,1909f56bfc062723c751e8b465ee728b)
Start importing Assets/Prefabs/enemy 1.prefab using Guid(1561e237e30c3b549a1a7c118cabb67b) Importer(815301076,1909f56bfc062723c751e8b465ee728b)  -> (artifact id: 'ab1441f58f85ac5a0755c3cf8430e069') in 0.014444 seconds 
========================================================================
Received Import Request.
  Time since last request: 21.279841 seconds.
  path: Assets/Materials/m_explosion.mat
  artifactKey: Guid(09eb842c4de323c46b4cfe2d356e8eb0) Importer(815301076,1909f56bfc062723c751e8b465ee728b)
Start importing Assets/Materials/m_explosion.mat using Guid(09eb842c4de323c46b4cfe2d356e8eb0) Importer(815301076,1909f56bfc062723c751e8b465ee728b)  -> (artifact id: 'b15585cfca065e2c2148f06c30fc6897') in 0.098585 seconds 
========================================================================
Received Import Request.
  Time since last request: 0.510601 seconds.
  path: Assets/InputSystems/InputSystem.inputsettings.asset
  artifactKey: Guid(ac1eacd7671f4dd41a9ca7ad04aae8cc) Importer(815301076,1909f56bfc062723c751e8b465ee728b)
Start importing Assets/InputSystems/InputSystem.inputsettings.asset using Guid(ac1eacd7671f4dd41a9ca7ad04aae8cc) Importer(815301076,1909f56bfc062723c751e8b465ee728b)  -> (artifact id: '2ef007980f5efe37e58d0ec96ffe57a8') in 0.012185 seconds 
========================================================================
Received Import Request.
  Time since last request: 1.449842 seconds.
  path: Assets/InputSystem/InputSystem.inputsettings.asset
  artifactKey: Guid(800101c4ac3db0946b39449a470a5e4a) Importer(815301076,1909f56bfc062723c751e8b465ee728b)
Start importing Assets/InputSystem/InputSystem.inputsettings.asset using Guid(800101c4ac3db0946b39449a470a5e4a) Importer(815301076,1909f56bfc062723c751e8b465ee728b)  -> (artifact id: 'd00ece3e179ca95e9e1cc9f106225c80') in 0.002959 seconds 
========================================================================
Received Import Request.
  Time since last request: 10.867584 seconds.
  path: Packages/com.unity.2d.spriteshape/Editor/ObjectMenuCreation/DefaultAssets/Sprite Shapes/Open Sprite Shape.prefab
  artifactKey: Guid(86ae7de409eb54f619fb1328e4d42480) Importer(815301076,1909f56bfc062723c751e8b465ee728b)
Start importing Packages/com.unity.2d.spriteshape/Editor/ObjectMenuCreation/DefaultAssets/Sprite Shapes/Open Sprite Shape.prefab using Guid(86ae7de409eb54f619fb1328e4d42480) Importer(815301076,1909f56bfc062723c751e8b465ee728b)  -> (artifact id: 'f8ef151d57c2b57f1036bb574885970f') in 0.033959 seconds 
========================================================================
Received Import Request.
  Time since last request: 0.000019 seconds.
  path: Assets/Waves and Paths/Path 3.prefab
  artifactKey: Guid(7cedc6223dfb43d409f364105ce03dad) Importer(815301076,1909f56bfc062723c751e8b465ee728b)
Start importing Assets/Waves and Paths/Path 3.prefab using Guid(7cedc6223dfb43d409f364105ce03dad) Importer(815301076,1909f56bfc062723c751e8b465ee728b)  -> (artifact id: '9b5c96729ba7b9494b6d678f53fe9889') in 0.009102 seconds 
========================================================================
Received Import Request.
  Time since last request: 0.000024 seconds.
  path: Assets/Waves and Paths/Path 5.prefab
  artifactKey: Guid(ffa3cc51a3cfaa64bb28e2267ec0d867) Importer(815301076,1909f56bfc062723c751e8b465ee728b)
Start importing Assets/Waves and Paths/Path 5.prefab using Guid(ffa3cc51a3cfaa64bb28e2267ec0d867) Importer(815301076,1909f56bfc062723c751e8b465ee728b)  -> (artifact id: '184595cd473cab6a65c257b773541f60') in 0.007348 seconds 
========================================================================
Received Import Request.
  Time since last request: 0.000020 seconds.
  path: Assets/Waves and Paths/Path 2.prefab
  artifactKey: Guid(9424adc06f7bc314e9c3d73d68121225) Importer(815301076,1909f56bfc062723c751e8b465ee728b)
Start importing Assets/Waves and Paths/Path 2.prefab using Guid(9424adc06f7bc314e9c3d73d68121225) Importer(815301076,1909f56bfc062723c751e8b465ee728b)  -> (artifact id: 'fc0cbc569635ec0cd17ed982cf782f87') in 0.006560 seconds 
========================================================================
Received Import Request.
  Time since last request: 0.000018 seconds.
  path: Assets/Waves and Paths/Path 0.prefab
  artifactKey: Guid(972366f24928c1a49807cf40a64f440a) Importer(815301076,1909f56bfc062723c751e8b465ee728b)
Start importing Assets/Waves and Paths/Path 0.prefab using Guid(972366f24928c1a49807cf40a64f440a) Importer(815301076,1909f56bfc062723c751e8b465ee728b)  -> (artifact id: '4d2b3c8c5f628a0e18e1d835cdeb1539') in 0.007210 seconds 
========================================================================
Received Import Request.
  Time since last request: 2.691401 seconds.
  path: Assets/Asset Packs/kenney_space-shooter-redux/Bonus/kenvector_future_thin.ttf
  artifactKey: Guid(0bf886f2723babe4ab1ae18c34f67918) Importer(815301076,1909f56bfc062723c751e8b465ee728b)
Start importing Assets/Asset Packs/kenney_space-shooter-redux/Bonus/kenvector_future_thin.ttf using Guid(0bf886f2723babe4ab1ae18c34f67918) Importer(815301076,1909f56bfc062723c751e8b465ee728b)  -> (artifact id: '2018e394f765f5a8098fa3daaf72c74b') in 0.050242 seconds 
========================================================================
Received Import Request.
  Time since last request: 0.000025 seconds.
  path: Assets/Asset Packs/spaceshooter/Bonus/kenvector_future.ttf
  artifactKey: Guid(858d276eb48bfa042bf75463bcf41529) Importer(815301076,1909f56bfc062723c751e8b465ee728b)
Start importing Assets/Asset Packs/spaceshooter/Bonus/kenvector_future.ttf using Guid(858d276eb48bfa042bf75463bcf41529) Importer(815301076,1909f56bfc062723c751e8b465ee728b)  -> (artifact id: 'c7c1751854599cdb6eb3174c5dcbe54c') in 0.009996 seconds 
========================================================================
Received Import Request.
  Time since last request: 0.000024 seconds.
  path: Assets/Asset Packs/spaceshooter/Bonus/kenvector_future_thin.ttf
  artifactKey: Guid(b99c168262493534c9fdf0ee80a6b0dc) Importer(815301076,1909f56bfc062723c751e8b465ee728b)
Start importing Assets/Asset Packs/spaceshooter/Bonus/kenvector_future_thin.ttf using Guid(b99c168262493534c9fdf0ee80a6b0dc) Importer(815301076,1909f56bfc062723c751e8b465ee728b)  -> (artifact id: 'a011f049a4d2400bda39090cf6d1f471') in 0.009414 seconds 
========================================================================
Received Import Request.
  Time since last request: 0.000025 seconds.
  path: Assets/Asset Packs/KenneySpaceFont/Kenney Space.ttf
  artifactKey: Guid(3bf9e265ce8266549a52e7cef0d98215) Importer(815301076,1909f56bfc062723c751e8b465ee728b)
Start importing Assets/Asset Packs/KenneySpaceFont/Kenney Space.ttf using Guid(3bf9e265ce8266549a52e7cef0d98215) Importer(815301076,1909f56bfc062723c751e8b465ee728b)  -> (artifact id: '4775a08e68e1c759e17b8ef952cb512b') in 0.011822 seconds 
========================================================================
Received Import Request.
  Time since last request: 0.000021 seconds.
  path: Assets/Asset Packs/KenneySpaceFont/Title - Kenney Space SDF.asset
  artifactKey: Guid(868a5451200a8774cb8891f1b2a7dffa) Importer(815301076,1909f56bfc062723c751e8b465ee728b)
Start importing Assets/Asset Packs/KenneySpaceFont/Title - Kenney Space SDF.asset using Guid(868a5451200a8774cb8891f1b2a7dffa) Importer(815301076,1909f56bfc062723c751e8b465ee728b)  -> (artifact id: '20ac201a9007ff9c34622cc4995a99e4') in 0.105097 seconds 
========================================================================
Received Import Request.
  Time since last request: 0.000023 seconds.
  path: Assets/TextMesh Pro/Resources/Fonts & Materials/LiberationSans SDF.asset
  artifactKey: Guid(8f586378b4e144a9851e7b34d9b748ee) Importer(815301076,1909f56bfc062723c751e8b465ee728b)
Start importing Assets/TextMesh Pro/Resources/Fonts & Materials/LiberationSans SDF.asset using Guid(8f586378b4e144a9851e7b34d9b748ee) Importer(815301076,1909f56bfc062723c751e8b465ee728b)  -> (artifact id: '2406bbaffb9912b3438dd3e936e85545') in 0.084253 seconds 
