Using pre-set license
Built from '2021.3/staging' branch; Version is '2021.3.19f1 (c9714fde33b6) revision 13201743'; Using compiler version '192829333'; Build Type 'Release'
OS: 'Windows 11  (10.0.22621) 64bit Core' Language: 'en' Physical Memory: 16243 MB
BatchMode: 1, IsHumanControllingUs: 0, StartBugReporterOnCrash: 0, Is64bit: 1, IsPro: 1

COMMAND LINE ARGUMENTS:
C:\Program Files\Unity\Hub\Editor\2021.3.19f1\Editor\Unity.exe
-adb2
-batchMode
-noUpm
-name
AssetImportWorker0
-projectPath
C:/Users/beedi/My project (2)
-logFile
Logs/AssetImportWorker0.log
-srvPort
53550
Successfully changed project path to: C:/Users/beedi/My project (2)
C:/Users/beedi/My project (2)
[UnityMemory] Configuration Parameters - Can be set up in boot.config
    "memorysetup-bucket-allocator-granularity=16"
    "memorysetup-bucket-allocator-bucket-count=8"
    "memorysetup-bucket-allocator-block-size=33554432"
    "memorysetup-bucket-allocator-block-count=8"
    "memorysetup-main-allocator-block-size=16777216"
    "memorysetup-thread-allocator-block-size=16777216"
    "memorysetup-gfx-main-allocator-block-size=16777216"
    "memorysetup-gfx-thread-allocator-block-size=16777216"
    "memorysetup-cache-allocator-block-size=4194304"
    "memorysetup-typetree-allocator-block-size=2097152"
    "memorysetup-profiler-bucket-allocator-granularity=16"
    "memorysetup-profiler-bucket-allocator-bucket-count=8"
    "memorysetup-profiler-bucket-allocator-block-size=33554432"
    "memorysetup-profiler-bucket-allocator-block-count=8"
    "memorysetup-profiler-allocator-block-size=16777216"
    "memorysetup-profiler-editor-allocator-block-size=1048576"
    "memorysetup-temp-allocator-size-main=16777216"
    "memorysetup-job-temp-allocator-block-size=2097152"
    "memorysetup-job-temp-allocator-block-size-background=1048576"
    "memorysetup-job-temp-allocator-reduction-small-platforms=262144"
    "memorysetup-temp-allocator-size-background-worker=32768"
    "memorysetup-temp-allocator-size-job-worker=262144"
    "memorysetup-temp-allocator-size-preload-manager=33554432"
    "memorysetup-temp-allocator-size-nav-mesh-worker=65536"
    "memorysetup-temp-allocator-size-audio-worker=65536"
    "memorysetup-temp-allocator-size-cloud-worker=32768"
    "memorysetup-temp-allocator-size-gi-baking-worker=262144"
    "memorysetup-temp-allocator-size-gfx=262144"
Player connection [11672] Host "[IP] 192.168.12.142 [Port] 0 [Flags] 2 [Guid] 984649624 [EditorId] 984649624 [Version] 1048832 [Id] WindowsEditor(7,computer) [Debug] 1 [PackageName] WindowsEditor [ProjectName] Editor" joined multi-casting on [225.0.0.222:54997]...

Player connection [11672] Host "[IP] 192.168.12.142 [Port] 0 [Flags] 2 [Guid] 984649624 [EditorId] 984649624 [Version] 1048832 [Id] WindowsEditor(7,computer) [Debug] 1 [PackageName] WindowsEditor [ProjectName] Editor" joined alternative multi-casting on [225.0.0.222:34997]...

Refreshing native plugins compatible for Editor in 61.05 ms, found 4 plugins.
Preloading 0 native plugins for Editor in 0.00 ms.
Initialize engine version: 2021.3.19f1 (c9714fde33b6)
[Subsystems] Discovering subsystems at path C:/Program Files/Unity/Hub/Editor/2021.3.19f1/Editor/Data/Resources/UnitySubsystems
[Subsystems] Discovering subsystems at path C:/Users/beedi/My project (2)/Assets
GfxDevice: creating device client; threaded=0; jobified=0
Direct3D:
    Version:  Direct3D 11.0 [level 11.1]
    Renderer: AMD Radeon RX 6600 XT (ID=0x73ff)
    Vendor:   ATI
    VRAM:     8147 MB
    Driver:   31.0.12029.10015
Initialize mono
Mono path[0] = 'C:/Program Files/Unity/Hub/Editor/2021.3.19f1/Editor/Data/Managed'
Mono path[1] = 'C:/Program Files/Unity/Hub/Editor/2021.3.19f1/Editor/Data/MonoBleedingEdge/lib/mono/unityjit-win32'
Mono config path = 'C:/Program Files/Unity/Hub/Editor/2021.3.19f1/Editor/Data/MonoBleedingEdge/etc'
Using monoOptions --debugger-agent=transport=dt_socket,embedding=1,server=y,suspend=n,address=127.0.0.1:56024
Begin MonoManager ReloadAssembly
Registering precompiled unity dll's ...
Register platform support module: C:/Program Files/Unity/Hub/Editor/2021.3.19f1/Editor/Data/PlaybackEngines/WebGLSupport/UnityEditor.WebGL.Extensions.dll
Register platform support module: C:/Program Files/Unity/Hub/Editor/2021.3.19f1/Editor/Data/PlaybackEngines/WindowsStandaloneSupport/UnityEditor.WindowsStandalone.Extensions.dll
Registered in 0.002987 seconds.
Native extension for WindowsStandalone target not found
Native extension for WebGL target not found
Refreshing native plugins compatible for Editor in 58.80 ms, found 4 plugins.
Preloading 0 native plugins for Editor in 0.00 ms.
Mono: successfully reloaded assembly
- Completed reload, in  0.450 seconds
Domain Reload Profiling:
	ReloadAssembly (450ms)
		BeginReloadAssembly (51ms)
			ExecutionOrderSort (0ms)
			DisableScriptedObjects (0ms)
			BackupInstance (0ms)
			ReleaseScriptingObjects (0ms)
			CreateAndSetChildDomain (1ms)
		EndReloadAssembly (327ms)
			LoadAssemblies (50ms)
			RebuildTransferFunctionScriptingTraits (0ms)
			SetupTypeCache (79ms)
			ReleaseScriptCaches (0ms)
			RebuildScriptCaches (21ms)
			SetupLoadedEditorAssemblies (191ms)
				LogAssemblyErrors (0ms)
				InitializePlatformSupportModulesInManaged (6ms)
				SetLoadedEditorAssemblies (0ms)
				RefreshPlugins (59ms)
				BeforeProcessingInitializeOnLoad (1ms)
				ProcessInitializeOnLoadAttributes (96ms)
				ProcessInitializeOnLoadMethodAttributes (30ms)
				AfterProcessingInitializeOnLoad (0ms)
				EditorAssembliesLoaded (0ms)
			ExecutionOrderSort2 (0ms)
			AwakeInstancesAfterBackupRestoration (0ms)
Platform modules already initialized, skipping
Registering precompiled user dll's ...
Registered in 0.004463 seconds.
Begin MonoManager ReloadAssembly
Native extension for WindowsStandalone target not found
Native extension for WebGL target not found
Refreshing native plugins compatible for Editor in 72.80 ms, found 4 plugins.
Preloading 0 native plugins for Editor in 0.00 ms.
Mono: successfully reloaded assembly
- Completed reload, in  0.863 seconds
Domain Reload Profiling:
	ReloadAssembly (864ms)
		BeginReloadAssembly (86ms)
			ExecutionOrderSort (0ms)
			DisableScriptedObjects (4ms)
			BackupInstance (0ms)
			ReleaseScriptingObjects (0ms)
			CreateAndSetChildDomain (15ms)
		EndReloadAssembly (696ms)
			LoadAssemblies (62ms)
			RebuildTransferFunctionScriptingTraits (0ms)
			SetupTypeCache (181ms)
			ReleaseScriptCaches (0ms)
			RebuildScriptCaches (40ms)
			SetupLoadedEditorAssemblies (380ms)
				LogAssemblyErrors (0ms)
				InitializePlatformSupportModulesInManaged (4ms)
				SetLoadedEditorAssemblies (0ms)
				RefreshPlugins (73ms)
				BeforeProcessingInitializeOnLoad (62ms)
				ProcessInitializeOnLoadAttributes (211ms)
				ProcessInitializeOnLoadMethodAttributes (25ms)
				AfterProcessingInitializeOnLoad (4ms)
				EditorAssembliesLoaded (0ms)
			ExecutionOrderSort2 (0ms)
			AwakeInstancesAfterBackupRestoration (4ms)
Platform modules already initialized, skipping
========================================================================
Worker process is ready to serve import requests
Launched and connected shader compiler UnityShaderCompiler.exe after 0.04 seconds
Refreshing native plugins compatible for Editor in 1.34 ms, found 4 plugins.
Preloading 0 native plugins for Editor in 0.00 ms.
Unloading 4079 Unused Serialized files (Serialized files now loaded: 0)
Unloading 44 unused Assets / (228.8 KB). Loaded Objects now: 4533.
Memory consumption went from 156.0 MB to 155.8 MB.
Total: 2.702300 ms (FindLiveObjects: 0.223500 ms CreateObjectMapping: 0.098700 ms MarkObjects: 2.259300 ms  DeleteObjects: 0.119500 ms)

AssetImportParameters requested are different than current active one (requested -> active):
  custom:video-decoder-ogg-theora: a1e56fd34408186e4bbccfd4996cb3dc -> 
  custom:container-muxer-webm: aa71ff27fc2769a1b78a27578f13a17b -> 
  custom:container-demuxer-webm: 4f35f7cbe854078d1ac9338744f61a02 -> 
  custom:video-encoder-webm-vp8: eb34c28f22e8b96e1ab97ce403110664 -> 
  custom:audio-encoder-webm-vorbis: bf7c407c2cedff20999df2af8eb42d56 -> 
  custom:framework-win-MediaFoundation: 216162199b28c13a410421893ffa2e32 -> 
  custom:container-demuxer-ogg: 62fdf1f143b41e24485cea50d1cbac27 -> 
  custom:video-decoder-webm-vp8: 9c59270c3fd7afecdb556c50c9e8de78 -> 
  custom:audio-decoder-ogg-vorbis: bf7c407c2cedff20999df2af8eb42d56 -> 
========================================================================
Received Import Request.
  Time since last request: 1297270.035071 seconds.
  path: Assets/kenney_space-shooter-redux/preview.png
  artifactKey: Guid(9597221b42b03c34d8ad39fbac4d0728) Importer(815301076,1909f56bfc062723c751e8b465ee728b)
Start importing Assets/kenney_space-shooter-redux/preview.png using Guid(9597221b42b03c34d8ad39fbac4d0728) Importer(815301076,1909f56bfc062723c751e8b465ee728b)  -> (artifact id: 'a0c1e9126ffa9bd62c9a74b82c6eabe2') in 0.118466 seconds 
========================================================================
Received Import Request.
  Time since last request: 24.791456 seconds.
  path: Assets/Asset Packs
  artifactKey: Guid(8c0886e24e2c7e34181dbaa1c42bcd41) Importer(815301076,1909f56bfc062723c751e8b465ee728b)
Start importing Assets/Asset Packs using Guid(8c0886e24e2c7e34181dbaa1c42bcd41) Importer(815301076,1909f56bfc062723c751e8b465ee728b)  -> (artifact id: '048a4c8ba7511febeeb689ead226ded7') in 0.005136 seconds 
========================================================================
Received Import Request.
  Time since last request: 20.533174 seconds.
  path: Assets/Asset Packs/kenney_space-shooter-redux/Spritesheet
  artifactKey: Guid(ff09d29d9abb5934a966fd780dd585bd) Importer(815301076,1909f56bfc062723c751e8b465ee728b)
Start importing Assets/Asset Packs/kenney_space-shooter-redux/Spritesheet using Guid(ff09d29d9abb5934a966fd780dd585bd) Importer(815301076,1909f56bfc062723c751e8b465ee728b)  -> (artifact id: 'e1a62809920c57bf6361a9c8469a3296') in 0.004755 seconds 
========================================================================
Received Import Request.
  Time since last request: 0.033551 seconds.
  path: Assets/Asset Packs/kenney_space-shooter-redux/Spritesheet/sheet.png
  artifactKey: Guid(4fb0e69b6bbbe434fa30e099bf7d7614) Importer(815301076,1909f56bfc062723c751e8b465ee728b)
Start importing Assets/Asset Packs/kenney_space-shooter-redux/Spritesheet/sheet.png using Guid(4fb0e69b6bbbe434fa30e099bf7d7614) Importer(815301076,1909f56bfc062723c751e8b465ee728b)  -> (artifact id: '8195c3093d58fd81de10c21eb7258d5a') in 0.074103 seconds 
========================================================================
Received Import Request.
  Time since last request: 4.828851 seconds.
  path: Assets/Asset Packs/kenney_space-shooter-redux/PNG/playerShip1_blue.png
  artifactKey: Guid(5eaf55e60e6f5d542933b588f1325d48) Importer(815301076,1909f56bfc062723c751e8b465ee728b)
Start importing Assets/Asset Packs/kenney_space-shooter-redux/PNG/playerShip1_blue.png using Guid(5eaf55e60e6f5d542933b588f1325d48) Importer(815301076,1909f56bfc062723c751e8b465ee728b)  -> (artifact id: '15986803483b131787d1020f6e62a13a') in 0.015993 seconds 
========================================================================
Received Import Request.
  Time since last request: 0.000028 seconds.
  path: Assets/Asset Packs/kenney_space-shooter-redux/PNG/playerShip3_red.png
  artifactKey: Guid(272d5661bda2c6147bf3898cc4478ed0) Importer(815301076,1909f56bfc062723c751e8b465ee728b)
Start importing Assets/Asset Packs/kenney_space-shooter-redux/PNG/playerShip3_red.png using Guid(272d5661bda2c6147bf3898cc4478ed0) Importer(815301076,1909f56bfc062723c751e8b465ee728b)  -> (artifact id: '8c51303e3cb5d830572218e54e4de559') in 0.013395 seconds 
========================================================================
Received Import Request.
  Time since last request: 0.000028 seconds.
  path: Assets/Asset Packs/kenney_space-shooter-redux/PNG/playerShip2_blue.png
  artifactKey: Guid(4b9c3eb8744d72140a6be3a6d714d01e) Importer(815301076,1909f56bfc062723c751e8b465ee728b)
Start importing Assets/Asset Packs/kenney_space-shooter-redux/PNG/playerShip2_blue.png using Guid(4b9c3eb8744d72140a6be3a6d714d01e) Importer(815301076,1909f56bfc062723c751e8b465ee728b)  -> (artifact id: '47497ad72e6777965ee6ecaf4de849b4') in 0.014120 seconds 
========================================================================
Received Import Request.
  Time since last request: 0.000023 seconds.
  path: Assets/Asset Packs/kenney_space-shooter-redux/PNG/ufoYellow.png
  artifactKey: Guid(2bd15a5aec712974eabf4d3765e2b340) Importer(815301076,1909f56bfc062723c751e8b465ee728b)
Start importing Assets/Asset Packs/kenney_space-shooter-redux/PNG/ufoYellow.png using Guid(2bd15a5aec712974eabf4d3765e2b340) Importer(815301076,1909f56bfc062723c751e8b465ee728b)  -> (artifact id: '250f01bfff432e990c25a1b51cc07f0e') in 0.012453 seconds 
========================================================================
Received Import Request.
  Time since last request: 0.000019 seconds.
  path: Assets/Asset Packs/kenney_space-shooter-redux/PNG/ufoBlue.png
  artifactKey: Guid(a0c54b5e8a706e74c9097d6a2bfc7fbc) Importer(815301076,1909f56bfc062723c751e8b465ee728b)
Start importing Assets/Asset Packs/kenney_space-shooter-redux/PNG/ufoBlue.png using Guid(a0c54b5e8a706e74c9097d6a2bfc7fbc) Importer(815301076,1909f56bfc062723c751e8b465ee728b)  -> (artifact id: '2f6858c2a17ceef67fc5c0a4d472320a') in 0.013194 seconds 
========================================================================
Received Import Request.
  Time since last request: 0.000018 seconds.
  path: Assets/Asset Packs/kenney_space-shooter-redux/PNG/playerShip3_blue.png
  artifactKey: Guid(c211abd9913b83645a765132c2747f20) Importer(815301076,1909f56bfc062723c751e8b465ee728b)
Start importing Assets/Asset Packs/kenney_space-shooter-redux/PNG/playerShip3_blue.png using Guid(c211abd9913b83645a765132c2747f20) Importer(815301076,1909f56bfc062723c751e8b465ee728b)  -> (artifact id: 'e608b63e727b146fbb9ce344a0d7cfd9') in 0.011643 seconds 
========================================================================
Received Import Request.
  Time since last request: 0.000030 seconds.
  path: Assets/Asset Packs/kenney_space-shooter-redux/PNG/playerShip3_orange.png
  artifactKey: Guid(b9b1d387e9462ed4daecc13495d455c7) Importer(815301076,1909f56bfc062723c751e8b465ee728b)
Start importing Assets/Asset Packs/kenney_space-shooter-redux/PNG/playerShip3_orange.png using Guid(b9b1d387e9462ed4daecc13495d455c7) Importer(815301076,1909f56bfc062723c751e8b465ee728b)  -> (artifact id: 'fc62394858c4ea9b4a6166321291127f') in 0.013236 seconds 
========================================================================
Received Import Request.
  Time since last request: 0.000022 seconds.
  path: Assets/Asset Packs/kenney_space-shooter-redux/PNG/ufoGreen.png
  artifactKey: Guid(6cbfde2fd7a40134abe93dfc2e77aa1d) Importer(815301076,1909f56bfc062723c751e8b465ee728b)
Start importing Assets/Asset Packs/kenney_space-shooter-redux/PNG/ufoGreen.png using Guid(6cbfde2fd7a40134abe93dfc2e77aa1d) Importer(815301076,1909f56bfc062723c751e8b465ee728b)  -> (artifact id: 'af5316cbf09ebe5bd41e170a6431f669') in 0.013651 seconds 
