Using pre-set license
Built from '2021.3/staging' branch; Version is '2021.3.21f1 (1b156197d683) revision 1774945'; Using compiler version '192829333'; Build Type 'Release'
OS: 'Windows 11  (10.0.22621) 64bit Core' Language: 'en' Physical Memory: 16243 MB
BatchMode: 1, IsHumanControllingUs: 0, StartBugReporterOnCrash: 0, Is64bit: 1, IsPro: 1

COMMAND LINE ARGUMENTS:
C:\Program Files\Unity\Hub\Editor\2021.3.21f1\Editor\Unity.exe
-adb2
-batchMode
-noUpm
-name
AssetImportWorker0
-projectPath
C:/Users/beedi/OneDrive/Documents/GitHub/laser/laser-defender-matthewdozeman
-logFile
Logs/AssetImportWorker0.log
-srvPort
63771
Successfully changed project path to: C:/Users/beedi/OneDrive/Documents/GitHub/laser/laser-defender-matthewdozeman
C:/Users/beedi/OneDrive/Documents/GitHub/laser/laser-defender-matthewdozeman
[UnityMemory] Configuration Parameters - Can be set up in boot.config
    "memorysetup-bucket-allocator-granularity=16"
    "memorysetup-bucket-allocator-bucket-count=8"
    "memorysetup-bucket-allocator-block-size=33554432"
    "memorysetup-bucket-allocator-block-count=8"
    "memorysetup-main-allocator-block-size=16777216"
    "memorysetup-thread-allocator-block-size=16777216"
    "memorysetup-gfx-main-allocator-block-size=16777216"
    "memorysetup-gfx-thread-allocator-block-size=16777216"
    "memorysetup-cache-allocator-block-size=4194304"
    "memorysetup-typetree-allocator-block-size=2097152"
    "memorysetup-profiler-bucket-allocator-granularity=16"
    "memorysetup-profiler-bucket-allocator-bucket-count=8"
    "memorysetup-profiler-bucket-allocator-block-size=33554432"
    "memorysetup-profiler-bucket-allocator-block-count=8"
    "memorysetup-profiler-allocator-block-size=16777216"
    "memorysetup-profiler-editor-allocator-block-size=1048576"
    "memorysetup-temp-allocator-size-main=16777216"
    "memorysetup-job-temp-allocator-block-size=2097152"
    "memorysetup-job-temp-allocator-block-size-background=1048576"
    "memorysetup-job-temp-allocator-reduction-small-platforms=262144"
    "memorysetup-temp-allocator-size-background-worker=32768"
    "memorysetup-temp-allocator-size-job-worker=262144"
    "memorysetup-temp-allocator-size-preload-manager=33554432"
    "memorysetup-temp-allocator-size-nav-mesh-worker=65536"
    "memorysetup-temp-allocator-size-audio-worker=65536"
    "memorysetup-temp-allocator-size-cloud-worker=32768"
    "memorysetup-temp-allocator-size-gi-baking-worker=262144"
    "memorysetup-temp-allocator-size-gfx=262144"
Player connection [2044] Host "[IP] 192.168.12.142 [Port] 0 [Flags] 2 [Guid] 224179067 [EditorId] 224179067 [Version] 1048832 [Id] WindowsEditor(7,computer) [Debug] 1 [PackageName] WindowsEditor [ProjectName] Editor" joined multi-casting on [225.0.0.222:54997]...

Player connection [2044] Host "[IP] 192.168.12.142 [Port] 0 [Flags] 2 [Guid] 224179067 [EditorId] 224179067 [Version] 1048832 [Id] WindowsEditor(7,computer) [Debug] 1 [PackageName] WindowsEditor [ProjectName] Editor" joined alternative multi-casting on [225.0.0.222:34997]...

Refreshing native plugins compatible for Editor in 78.30 ms, found 4 plugins.
Preloading 0 native plugins for Editor in 0.00 ms.
Initialize engine version: 2021.3.21f1 (1b156197d683)
[Subsystems] Discovering subsystems at path C:/Program Files/Unity/Hub/Editor/2021.3.21f1/Editor/Data/Resources/UnitySubsystems
[Subsystems] Discovering subsystems at path C:/Users/beedi/OneDrive/Documents/GitHub/laser/laser-defender-matthewdozeman/Assets
GfxDevice: creating device client; threaded=0; jobified=0
Direct3D:
    Version:  Direct3D 11.0 [level 11.1]
    Renderer: AMD Radeon RX 6600 XT (ID=0x73ff)
    Vendor:   ATI
    VRAM:     8147 MB
    Driver:   31.0.12029.10015
Initialize mono
Mono path[0] = 'C:/Program Files/Unity/Hub/Editor/2021.3.21f1/Editor/Data/Managed'
Mono path[1] = 'C:/Program Files/Unity/Hub/Editor/2021.3.21f1/Editor/Data/MonoBleedingEdge/lib/mono/unityjit-win32'
Mono config path = 'C:/Program Files/Unity/Hub/Editor/2021.3.21f1/Editor/Data/MonoBleedingEdge/etc'
Using monoOptions --debugger-agent=transport=dt_socket,embedding=1,server=y,suspend=n,address=127.0.0.1:56380
Begin MonoManager ReloadAssembly
Registering precompiled unity dll's ...
Register platform support module: C:/Program Files/Unity/Hub/Editor/2021.3.21f1/Editor/Data/PlaybackEngines/WindowsStandaloneSupport/UnityEditor.WindowsStandalone.Extensions.dll
Registered in 0.004117 seconds.
Native extension for WindowsStandalone target not found
Refreshing native plugins compatible for Editor in 76.66 ms, found 4 plugins.
Preloading 0 native plugins for Editor in 0.00 ms.
Mono: successfully reloaded assembly
- Completed reload, in  0.556 seconds
Domain Reload Profiling:
	ReloadAssembly (556ms)
		BeginReloadAssembly (75ms)
			ExecutionOrderSort (0ms)
			DisableScriptedObjects (0ms)
			BackupInstance (0ms)
			ReleaseScriptingObjects (0ms)
			CreateAndSetChildDomain (1ms)
		EndReloadAssembly (402ms)
			LoadAssemblies (74ms)
			RebuildTransferFunctionScriptingTraits (0ms)
			SetupTypeCache (99ms)
			ReleaseScriptCaches (0ms)
			RebuildScriptCaches (20ms)
			SetupLoadedEditorAssemblies (239ms)
				LogAssemblyErrors (0ms)
				InitializePlatformSupportModulesInManaged (5ms)
				SetLoadedEditorAssemblies (0ms)
				RefreshPlugins (77ms)
				BeforeProcessingInitializeOnLoad (1ms)
				ProcessInitializeOnLoadAttributes (122ms)
				ProcessInitializeOnLoadMethodAttributes (34ms)
				AfterProcessingInitializeOnLoad (0ms)
				EditorAssembliesLoaded (0ms)
			ExecutionOrderSort2 (0ms)
			AwakeInstancesAfterBackupRestoration (0ms)
Platform modules already initialized, skipping
Registering precompiled user dll's ...
Registered in 0.007272 seconds.
Begin MonoManager ReloadAssembly
Symbol file LoadedFromMemory doesn't match image C:\Users\beedi\OneDrive\Documents\GitHub\laser\laser-defender-matthewdozeman\Library\PackageCache\com.unity.visualscripting@1.8.0\Editor\VisualScripting.Core\Dependencies\YamlDotNet\Unity.VisualScripting.YamlDotNet.dll
Symbol file LoadedFromMemory doesn't match image C:\Users\beedi\OneDrive\Documents\GitHub\laser\laser-defender-matthewdozeman\Library\PackageCache\com.unity.visualscripting@1.8.0\Editor\VisualScripting.Core\Dependencies\DotNetZip\Unity.VisualScripting.IonicZip.dll
Native extension for WindowsStandalone target not found
Refreshing native plugins compatible for Editor in 77.46 ms, found 4 plugins.
Preloading 0 native plugins for Editor in 0.00 ms.
Mono: successfully reloaded assembly
- Completed reload, in  1.020 seconds
Domain Reload Profiling:
	ReloadAssembly (1021ms)
		BeginReloadAssembly (99ms)
			ExecutionOrderSort (0ms)
			DisableScriptedObjects (4ms)
			BackupInstance (0ms)
			ReleaseScriptingObjects (0ms)
			CreateAndSetChildDomain (19ms)
		EndReloadAssembly (827ms)
			LoadAssemblies (79ms)
			RebuildTransferFunctionScriptingTraits (0ms)
			SetupTypeCache (232ms)
			ReleaseScriptCaches (0ms)
			RebuildScriptCaches (47ms)
			SetupLoadedEditorAssemblies (431ms)
				LogAssemblyErrors (0ms)
				InitializePlatformSupportModulesInManaged (3ms)
				SetLoadedEditorAssemblies (0ms)
				RefreshPlugins (78ms)
				BeforeProcessingInitializeOnLoad (79ms)
				ProcessInitializeOnLoadAttributes (243ms)
				ProcessInitializeOnLoadMethodAttributes (24ms)
				AfterProcessingInitializeOnLoad (4ms)
				EditorAssembliesLoaded (0ms)
			ExecutionOrderSort2 (0ms)
			AwakeInstancesAfterBackupRestoration (5ms)
Platform modules already initialized, skipping
========================================================================
Worker process is ready to serve import requests
Launched and connected shader compiler UnityShaderCompiler.exe after 0.03 seconds
Refreshing native plugins compatible for Editor in 0.88 ms, found 4 plugins.
Preloading 0 native plugins for Editor in 0.00 ms.
Unloading 4149 Unused Serialized files (Serialized files now loaded: 0)
Unloading 34 unused Assets / (56.2 KB). Loaded Objects now: 4605.
Memory consumption went from 160.9 MB to 160.8 MB.
Total: 2.929100 ms (FindLiveObjects: 0.367900 ms CreateObjectMapping: 0.181900 ms MarkObjects: 2.301900 ms  DeleteObjects: 0.076200 ms)

AssetImportParameters requested are different than current active one (requested -> active):
  custom:video-decoder-ogg-theora: a1e56fd34408186e4bbccfd4996cb3dc -> 
  custom:container-muxer-webm: aa71ff27fc2769a1b78a27578f13a17b -> 
  custom:container-demuxer-webm: 4f35f7cbe854078d1ac9338744f61a02 -> 
  custom:video-encoder-webm-vp8: eb34c28f22e8b96e1ab97ce403110664 -> 
  custom:audio-encoder-webm-vorbis: bf7c407c2cedff20999df2af8eb42d56 -> 
  custom:framework-win-MediaFoundation: 216162199b28c13a410421893ffa2e32 -> 
  custom:container-demuxer-ogg: 62fdf1f143b41e24485cea50d1cbac27 -> 
  custom:video-decoder-webm-vp8: 9c59270c3fd7afecdb556c50c9e8de78 -> 
  custom:audio-decoder-ogg-vorbis: bf7c407c2cedff20999df2af8eb42d56 -> 
========================================================================
Received Import Request.
  Time since last request: 1042799.703502 seconds.
  path: Assets/Scripts/WaveConfigSO.cs
  artifactKey: Guid(9a06ce2196401ac478c2f533da86e40a) Importer(815301076,1909f56bfc062723c751e8b465ee728b)
Start importing Assets/Scripts/WaveConfigSO.cs using Guid(9a06ce2196401ac478c2f533da86e40a) Importer(815301076,1909f56bfc062723c751e8b465ee728b)  -> (artifact id: '6d665733069ac5bce45565014b7fd2fc') in 0.024305 seconds 
========================================================================
Received Import Request.
  Time since last request: 14.814428 seconds.
  path: Assets/Scripts/WaveConfigSO.cs
  artifactKey: Guid(9a06ce2196401ac478c2f533da86e40a) Importer(815301076,1909f56bfc062723c751e8b465ee728b)
Start importing Assets/Scripts/WaveConfigSO.cs using Guid(9a06ce2196401ac478c2f533da86e40a) Importer(815301076,1909f56bfc062723c751e8b465ee728b)  -> (artifact id: '0f6a3f4cef3865ea0643495d7b291907') in 0.002791 seconds 
========================================================================
Received Import Request.
  Time since last request: 18.169099 seconds.
  path: Assets/Scripts/NewBehaviourScript.cs
  artifactKey: Guid(e7fa1592e3623d04c8cf07ee7c7a10b8) Importer(815301076,1909f56bfc062723c751e8b465ee728b)
Start importing Assets/Scripts/NewBehaviourScript.cs using Guid(e7fa1592e3623d04c8cf07ee7c7a10b8) Importer(815301076,1909f56bfc062723c751e8b465ee728b)  -> (artifact id: '4943c028db09be2249e8b020b8f068f4') in 0.006208 seconds 
========================================================================
Received Import Request.
  Time since last request: 28.535807 seconds.
  path: Assets/Prefabs/AudioPlayer.prefab
  artifactKey: Guid(6e3bc66c8e4d8f144bb78645840f0b7e) Importer(815301076,1909f56bfc062723c751e8b465ee728b)
Start importing Assets/Prefabs/AudioPlayer.prefab using Guid(6e3bc66c8e4d8f144bb78645840f0b7e) Importer(815301076,1909f56bfc062723c751e8b465ee728b)  -> (artifact id: '82a77e3200db43edbdfec312857368df') in 0.027998 seconds 
========================================================================
Received Import Request.
  Time since last request: 0.000029 seconds.
  path: Assets/Prefabs/ExplosionEffect.prefab
  artifactKey: Guid(b15eb2c359ab50248a18f66e70416afd) Importer(815301076,1909f56bfc062723c751e8b465ee728b)
Start importing Assets/Prefabs/ExplosionEffect.prefab using Guid(b15eb2c359ab50248a18f66e70416afd) Importer(815301076,1909f56bfc062723c751e8b465ee728b)  -> (artifact id: 'c3f2ca1f83118219376ae8e229896874') in 0.171674 seconds 
========================================================================
Received Import Request.
  Time since last request: 0.000028 seconds.
  path: Assets/Prefabs/LevelManager.prefab
  artifactKey: Guid(b93bb892ca1cc6e479fa7dff54ba89e2) Importer(815301076,1909f56bfc062723c751e8b465ee728b)
Start importing Assets/Prefabs/LevelManager.prefab using Guid(b93bb892ca1cc6e479fa7dff54ba89e2) Importer(815301076,1909f56bfc062723c751e8b465ee728b)  -> (artifact id: '0646ebd1f9fae21b5a50f0aee221e0ae') in 0.007921 seconds 
========================================================================
Received Import Request.
  Time since last request: 0.000030 seconds.
  path: Assets/Prefabs/enemy 0.prefab
  artifactKey: Guid(e0597aa7e2a30084bbc730d2fce11117) Importer(815301076,1909f56bfc062723c751e8b465ee728b)
Start importing Assets/Prefabs/enemy 0.prefab using Guid(e0597aa7e2a30084bbc730d2fce11117) Importer(815301076,1909f56bfc062723c751e8b465ee728b)  -> (artifact id: '4396c3f685b659258e0832360e6001b9') in 0.025968 seconds 
========================================================================
Received Import Request.
  Time since last request: 21.289477 seconds.
  path: Assets/Materials/m_background.mat
  artifactKey: Guid(ac9f781ff09a8c342a7edc19ef8c3222) Importer(815301076,1909f56bfc062723c751e8b465ee728b)
Start importing Assets/Materials/m_background.mat using Guid(ac9f781ff09a8c342a7edc19ef8c3222) Importer(815301076,1909f56bfc062723c751e8b465ee728b)  -> (artifact id: '5070abaf82c018fcd3cc86dd5bf9ba9c') in 0.056151 seconds 
========================================================================
Received Import Request.
  Time since last request: 0.553698 seconds.
  path: Assets/InputSystems/InputActions.inputactions
  artifactKey: Guid(ee1302a792787934c97e0fd0036f4e00) Importer(815301076,1909f56bfc062723c751e8b465ee728b)
Start importing Assets/InputSystems/InputActions.inputactions using Guid(ee1302a792787934c97e0fd0036f4e00) Importer(815301076,1909f56bfc062723c751e8b465ee728b)  -> (artifact id: '982ffc39177a5162dfa9f0c8990b6e86') in 0.013415 seconds 
========================================================================
Received Import Request.
  Time since last request: 1.449524 seconds.
  path: Assets/InputSystem/InputActions.inputactions
  artifactKey: Guid(28be873a99645cb4193bee6c5ae5dfb8) Importer(815301076,1909f56bfc062723c751e8b465ee728b)
Start importing Assets/InputSystem/InputActions.inputactions using Guid(28be873a99645cb4193bee6c5ae5dfb8) Importer(815301076,1909f56bfc062723c751e8b465ee728b)  -> (artifact id: 'f1507adbed1b8ee610f2fbd0d7f8f012') in 0.006678 seconds 
========================================================================
Received Import Request.
  Time since last request: 1.118275 seconds.
  path: Assets/Asset Packs/starfield.png
  artifactKey: Guid(02343505f309cce4e9235250a1f45dc1) Importer(815301076,1909f56bfc062723c751e8b465ee728b)
Start importing Assets/Asset Packs/starfield.png using Guid(02343505f309cce4e9235250a1f45dc1) Importer(815301076,1909f56bfc062723c751e8b465ee728b)  -> (artifact id: '4357e4181cb27401e820638064ef7913') in 0.278731 seconds 
========================================================================
Received Import Request.
  Time since last request: 9.456803 seconds.
  path: Packages/com.unity.2d.spriteshape/Editor/ObjectMenuCreation/DefaultAssets/Sprite Shapes/Closed Sprite Shape.prefab
  artifactKey: Guid(c0583b4e855c74b8c82e7b9b5efb5ce9) Importer(815301076,1909f56bfc062723c751e8b465ee728b)
Start importing Packages/com.unity.2d.spriteshape/Editor/ObjectMenuCreation/DefaultAssets/Sprite Shapes/Closed Sprite Shape.prefab using Guid(c0583b4e855c74b8c82e7b9b5efb5ce9) Importer(815301076,1909f56bfc062723c751e8b465ee728b)  -> (artifact id: '5b20c2c33efb54eb09d4a4f680ecdcd9') in 0.040024 seconds 
========================================================================
Received Import Request.
  Time since last request: 0.000017 seconds.
  path: Assets/Waves and Paths/Path 1.prefab
  artifactKey: Guid(02bc431fda21f4f479b94ba904f2cebe) Importer(815301076,1909f56bfc062723c751e8b465ee728b)
Start importing Assets/Waves and Paths/Path 1.prefab using Guid(02bc431fda21f4f479b94ba904f2cebe) Importer(815301076,1909f56bfc062723c751e8b465ee728b)  -> (artifact id: 'd25460801a0598ec138708cd8e367a17') in 0.008445 seconds 
========================================================================
Received Import Request.
  Time since last request: 0.000020 seconds.
  path: Assets/Waves and Paths/Path 6.prefab
  artifactKey: Guid(e69d26ad79520734783d03374522e030) Importer(815301076,1909f56bfc062723c751e8b465ee728b)
Start importing Assets/Waves and Paths/Path 6.prefab using Guid(e69d26ad79520734783d03374522e030) Importer(815301076,1909f56bfc062723c751e8b465ee728b)  -> (artifact id: '2ec15d21c040b234fcbb25386a04ba92') in 0.007363 seconds 
========================================================================
Received Import Request.
  Time since last request: 0.000017 seconds.
  path: Assets/Waves and Paths/Path 7.prefab
  artifactKey: Guid(8dd21670fe34b004091ccc5b81e4bc2e) Importer(815301076,1909f56bfc062723c751e8b465ee728b)
Start importing Assets/Waves and Paths/Path 7.prefab using Guid(8dd21670fe34b004091ccc5b81e4bc2e) Importer(815301076,1909f56bfc062723c751e8b465ee728b)  -> (artifact id: '9ec8cfa55b5926c699aed87bb488d74f') in 0.007165 seconds 
========================================================================
Received Import Request.
  Time since last request: 0.000016 seconds.
  path: Assets/Waves and Paths/Path 4.prefab
  artifactKey: Guid(f597b594f66ce2548a12280fad3eee37) Importer(815301076,1909f56bfc062723c751e8b465ee728b)
Start importing Assets/Waves and Paths/Path 4.prefab using Guid(f597b594f66ce2548a12280fad3eee37) Importer(815301076,1909f56bfc062723c751e8b465ee728b)  -> (artifact id: '3172af78f455b68a5edf0ec4c606862f') in 0.007040 seconds 
========================================================================
Received Import Request.
  Time since last request: 2.691005 seconds.
  path: Assets/Asset Packs/kenney_space-shooter-redux/Bonus/kenvector_future.ttf
  artifactKey: Guid(a5172d46bae3c084691da8dfa99305f2) Importer(815301076,1909f56bfc062723c751e8b465ee728b)
Start importing Assets/Asset Packs/kenney_space-shooter-redux/Bonus/kenvector_future.ttf using Guid(a5172d46bae3c084691da8dfa99305f2) Importer(815301076,1909f56bfc062723c751e8b465ee728b)  -> (artifact id: '87b26fae1cad6c1d8ca114461081eac9') in 0.050625 seconds 
========================================================================
Received Import Request.
  Time since last request: 0.000020 seconds.
  path: Assets/TextMesh Pro/Resources/Fonts & Materials/LiberationSans SDF - Outline.mat
  artifactKey: Guid(79459efec17a4d00a321bdcc27bbc385) Importer(815301076,1909f56bfc062723c751e8b465ee728b)
Start importing Assets/TextMesh Pro/Resources/Fonts & Materials/LiberationSans SDF - Outline.mat using Guid(79459efec17a4d00a321bdcc27bbc385) Importer(815301076,1909f56bfc062723c751e8b465ee728b)  -> (artifact id: '6981fdd747372a1c6b420ec16fe25e6e') in 0.080255 seconds 
========================================================================
Received Import Request.
  Time since last request: 0.000020 seconds.
  path: Assets/TextMesh Pro/Resources/Fonts & Materials/LiberationSans SDF - Fallback.asset
  artifactKey: Guid(2e498d1c8094910479dc3e1b768306a4) Importer(815301076,1909f56bfc062723c751e8b465ee728b)
Start importing Assets/TextMesh Pro/Resources/Fonts & Materials/LiberationSans SDF - Fallback.asset using Guid(2e498d1c8094910479dc3e1b768306a4) Importer(815301076,1909f56bfc062723c751e8b465ee728b)  -> (artifact id: 'f81fed7e262f9be423b465787bb7148e') in 0.044971 seconds 
========================================================================
Received Import Request.
  Time since last request: 0.000029 seconds.
  path: Assets/TextMesh Pro/Fonts/LiberationSans.ttf
  artifactKey: Guid(e3265ab4bf004d28a9537516768c1c75) Importer(815301076,1909f56bfc062723c751e8b465ee728b)
Start importing Assets/TextMesh Pro/Fonts/LiberationSans.ttf using Guid(e3265ab4bf004d28a9537516768c1c75) Importer(815301076,1909f56bfc062723c751e8b465ee728b)  -> (artifact id: '86e85d55384b22641579099d0f1ce7e8') in 0.014479 seconds 
========================================================================
Received Import Request.
  Time since last request: 0.000037 seconds.
  path: Assets/TextMesh Pro/Resources/Fonts & Materials/LiberationSans SDF - Drop Shadow.mat
  artifactKey: Guid(e73a58f6e2794ae7b1b7e50b7fb811b0) Importer(815301076,1909f56bfc062723c751e8b465ee728b)
Start importing Assets/TextMesh Pro/Resources/Fonts & Materials/LiberationSans SDF - Drop Shadow.mat using Guid(e73a58f6e2794ae7b1b7e50b7fb811b0) Importer(815301076,1909f56bfc062723c751e8b465ee728b)  -> (artifact id: '0e4bf906de410e69a372b330012081bf') in 0.077969 seconds 
========================================================================
Received Import Request.
  Time since last request: 0.000025 seconds.
  path: Assets/Asset Packs/KenneySpaceFont/Main - Kenney Space SDF.asset
  artifactKey: Guid(170117666bef85547890352d3aec70dc) Importer(815301076,1909f56bfc062723c751e8b465ee728b)
Start importing Assets/Asset Packs/KenneySpaceFont/Main - Kenney Space SDF.asset using Guid(170117666bef85547890352d3aec70dc) Importer(815301076,1909f56bfc062723c751e8b465ee728b)  -> (artifact id: '77836c3b9955726d795be1a4409cdc18') in 0.079788 seconds 
========================================================================
Received Import Request.
  Time since last request: 8.987632 seconds.
  path: Assets/Scenes/SampleScene.unity
  artifactKey: Guid(2cda990e2423bbf4892e6590ba056729) Importer(815301076,1909f56bfc062723c751e8b465ee728b)
Start importing Assets/Scenes/SampleScene.unity using Guid(2cda990e2423bbf4892e6590ba056729) Importer(815301076,1909f56bfc062723c751e8b465ee728b)  -> (artifact id: 'bd8020f6af16dc3c1de7651250d86ba0') in 0.006665 seconds 
========================================================================
Received Import Request.
  Time since last request: 4.469556 seconds.
  path: Assets/Scenes/MainMenu.unity
  artifactKey: Guid(12cdb7a7392a290478f5e6dc9515a15e) Importer(815301076,1909f56bfc062723c751e8b465ee728b)
Start importing Assets/Scenes/MainMenu.unity using Guid(12cdb7a7392a290478f5e6dc9515a15e) Importer(815301076,1909f56bfc062723c751e8b465ee728b)  -> (artifact id: 'b405c4c6f1c0fee486e57c15f3169adf') in 0.006351 seconds 
