Using pre-set license
Built from '2021.3/staging' branch; Version is '2021.3.19f1 (c9714fde33b6) revision 13201743'; Using compiler version '192829333'; Build Type 'Release'
OS: 'Windows 11  (10.0.22621) 64bit Core' Language: 'en' Physical Memory: 16243 MB
BatchMode: 1, IsHumanControllingUs: 0, StartBugReporterOnCrash: 0, Is64bit: 1, IsPro: 1

COMMAND LINE ARGUMENTS:
C:\Program Files\Unity\Hub\Editor\2021.3.19f1\Editor\Unity.exe
-adb2
-batchMode
-noUpm
-name
AssetImportWorker2
-projectPath
C:/Users/beedi/My project (2)
-logFile
Logs/AssetImportWorker2.log
-srvPort
53550
Successfully changed project path to: C:/Users/beedi/My project (2)
C:/Users/beedi/My project (2)
[UnityMemory] Configuration Parameters - Can be set up in boot.config
    "memorysetup-bucket-allocator-granularity=16"
    "memorysetup-bucket-allocator-bucket-count=8"
    "memorysetup-bucket-allocator-block-size=33554432"
    "memorysetup-bucket-allocator-block-count=8"
    "memorysetup-main-allocator-block-size=16777216"
    "memorysetup-thread-allocator-block-size=16777216"
    "memorysetup-gfx-main-allocator-block-size=16777216"
    "memorysetup-gfx-thread-allocator-block-size=16777216"
    "memorysetup-cache-allocator-block-size=4194304"
    "memorysetup-typetree-allocator-block-size=2097152"
    "memorysetup-profiler-bucket-allocator-granularity=16"
    "memorysetup-profiler-bucket-allocator-bucket-count=8"
    "memorysetup-profiler-bucket-allocator-block-size=33554432"
    "memorysetup-profiler-bucket-allocator-block-count=8"
    "memorysetup-profiler-allocator-block-size=16777216"
    "memorysetup-profiler-editor-allocator-block-size=1048576"
    "memorysetup-temp-allocator-size-main=16777216"
    "memorysetup-job-temp-allocator-block-size=2097152"
    "memorysetup-job-temp-allocator-block-size-background=1048576"
    "memorysetup-job-temp-allocator-reduction-small-platforms=262144"
    "memorysetup-temp-allocator-size-background-worker=32768"
    "memorysetup-temp-allocator-size-job-worker=262144"
    "memorysetup-temp-allocator-size-preload-manager=33554432"
    "memorysetup-temp-allocator-size-nav-mesh-worker=65536"
    "memorysetup-temp-allocator-size-audio-worker=65536"
    "memorysetup-temp-allocator-size-cloud-worker=32768"
    "memorysetup-temp-allocator-size-gi-baking-worker=262144"
    "memorysetup-temp-allocator-size-gfx=262144"
Player connection [6784] Host "[IP] 192.168.12.142 [Port] 0 [Flags] 2 [Guid] 4212102994 [EditorId] 4212102994 [Version] 1048832 [Id] WindowsEditor(7,computer) [Debug] 1 [PackageName] WindowsEditor [ProjectName] Editor" joined multi-casting on [225.0.0.222:54997]...

Player connection [6784] Host "[IP] 192.168.12.142 [Port] 0 [Flags] 2 [Guid] 4212102994 [EditorId] 4212102994 [Version] 1048832 [Id] WindowsEditor(7,computer) [Debug] 1 [PackageName] WindowsEditor [ProjectName] Editor" joined alternative multi-casting on [225.0.0.222:34997]...

Refreshing native plugins compatible for Editor in 69.16 ms, found 4 plugins.
Preloading 0 native plugins for Editor in 0.00 ms.
Initialize engine version: 2021.3.19f1 (c9714fde33b6)
[Subsystems] Discovering subsystems at path C:/Program Files/Unity/Hub/Editor/2021.3.19f1/Editor/Data/Resources/UnitySubsystems
[Subsystems] Discovering subsystems at path C:/Users/beedi/My project (2)/Assets
GfxDevice: creating device client; threaded=0; jobified=0
Direct3D:
    Version:  Direct3D 11.0 [level 11.1]
    Renderer: AMD Radeon RX 6600 XT (ID=0x73ff)
    Vendor:   ATI
    VRAM:     8147 MB
    Driver:   31.0.12029.10015
Initialize mono
Mono path[0] = 'C:/Program Files/Unity/Hub/Editor/2021.3.19f1/Editor/Data/Managed'
Mono path[1] = 'C:/Program Files/Unity/Hub/Editor/2021.3.19f1/Editor/Data/MonoBleedingEdge/lib/mono/unityjit-win32'
Mono config path = 'C:/Program Files/Unity/Hub/Editor/2021.3.19f1/Editor/Data/MonoBleedingEdge/etc'
Using monoOptions --debugger-agent=transport=dt_socket,embedding=1,server=y,suspend=n,address=127.0.0.1:56244
Begin MonoManager ReloadAssembly
Registering precompiled unity dll's ...
Register platform support module: C:/Program Files/Unity/Hub/Editor/2021.3.19f1/Editor/Data/PlaybackEngines/WebGLSupport/UnityEditor.WebGL.Extensions.dll
Register platform support module: C:/Program Files/Unity/Hub/Editor/2021.3.19f1/Editor/Data/PlaybackEngines/WindowsStandaloneSupport/UnityEditor.WindowsStandalone.Extensions.dll
Registered in 0.003186 seconds.
Native extension for WindowsStandalone target not found
Native extension for WebGL target not found
Refreshing native plugins compatible for Editor in 65.50 ms, found 4 plugins.
Preloading 0 native plugins for Editor in 0.00 ms.
Mono: successfully reloaded assembly
- Completed reload, in  0.472 seconds
Domain Reload Profiling:
	ReloadAssembly (472ms)
		BeginReloadAssembly (53ms)
			ExecutionOrderSort (0ms)
			DisableScriptedObjects (0ms)
			BackupInstance (0ms)
			ReleaseScriptingObjects (0ms)
			CreateAndSetChildDomain (1ms)
		EndReloadAssembly (342ms)
			LoadAssemblies (51ms)
			RebuildTransferFunctionScriptingTraits (0ms)
			SetupTypeCache (77ms)
			ReleaseScriptCaches (0ms)
			RebuildScriptCaches (24ms)
			SetupLoadedEditorAssemblies (203ms)
				LogAssemblyErrors (0ms)
				InitializePlatformSupportModulesInManaged (7ms)
				SetLoadedEditorAssemblies (0ms)
				RefreshPlugins (66ms)
				BeforeProcessingInitializeOnLoad (1ms)
				ProcessInitializeOnLoadAttributes (98ms)
				ProcessInitializeOnLoadMethodAttributes (32ms)
				AfterProcessingInitializeOnLoad (0ms)
				EditorAssembliesLoaded (0ms)
			ExecutionOrderSort2 (0ms)
			AwakeInstancesAfterBackupRestoration (0ms)
Platform modules already initialized, skipping
Registering precompiled user dll's ...
Registered in 0.004414 seconds.
Begin MonoManager ReloadAssembly
Native extension for WindowsStandalone target not found
Native extension for WebGL target not found
Refreshing native plugins compatible for Editor in 65.68 ms, found 4 plugins.
Preloading 0 native plugins for Editor in 0.00 ms.
Mono: successfully reloaded assembly
- Completed reload, in  0.915 seconds
Domain Reload Profiling:
	ReloadAssembly (916ms)
		BeginReloadAssembly (92ms)
			ExecutionOrderSort (0ms)
			DisableScriptedObjects (5ms)
			BackupInstance (0ms)
			ReleaseScriptingObjects (0ms)
			CreateAndSetChildDomain (15ms)
		EndReloadAssembly (732ms)
			LoadAssemblies (65ms)
			RebuildTransferFunctionScriptingTraits (0ms)
			SetupTypeCache (195ms)
			ReleaseScriptCaches (0ms)
			RebuildScriptCaches (41ms)
			SetupLoadedEditorAssemblies (394ms)
				LogAssemblyErrors (0ms)
				InitializePlatformSupportModulesInManaged (4ms)
				SetLoadedEditorAssemblies (0ms)
				RefreshPlugins (66ms)
				BeforeProcessingInitializeOnLoad (64ms)
				ProcessInitializeOnLoadAttributes (228ms)
				ProcessInitializeOnLoadMethodAttributes (29ms)
				AfterProcessingInitializeOnLoad (4ms)
				EditorAssembliesLoaded (0ms)
			ExecutionOrderSort2 (0ms)
			AwakeInstancesAfterBackupRestoration (5ms)
Platform modules already initialized, skipping
========================================================================
Worker process is ready to serve import requests
Launched and connected shader compiler UnityShaderCompiler.exe after 0.03 seconds
Refreshing native plugins compatible for Editor in 1.01 ms, found 4 plugins.
Preloading 0 native plugins for Editor in 0.00 ms.
Unloading 4079 Unused Serialized files (Serialized files now loaded: 0)
Unloading 44 unused Assets / (228.8 KB). Loaded Objects now: 4533.
Memory consumption went from 156.0 MB to 155.8 MB.
Total: 2.601700 ms (FindLiveObjects: 0.222000 ms CreateObjectMapping: 0.110500 ms MarkObjects: 2.151600 ms  DeleteObjects: 0.116500 ms)

AssetImportParameters requested are different than current active one (requested -> active):
  custom:video-decoder-ogg-theora: a1e56fd34408186e4bbccfd4996cb3dc -> 
  custom:container-muxer-webm: aa71ff27fc2769a1b78a27578f13a17b -> 
  custom:container-demuxer-webm: 4f35f7cbe854078d1ac9338744f61a02 -> 
  custom:video-encoder-webm-vp8: eb34c28f22e8b96e1ab97ce403110664 -> 
  custom:audio-encoder-webm-vorbis: bf7c407c2cedff20999df2af8eb42d56 -> 
  custom:framework-win-MediaFoundation: 216162199b28c13a410421893ffa2e32 -> 
  custom:container-demuxer-ogg: 62fdf1f143b41e24485cea50d1cbac27 -> 
  custom:video-decoder-webm-vp8: 9c59270c3fd7afecdb556c50c9e8de78 -> 
  custom:audio-decoder-ogg-vorbis: bf7c407c2cedff20999df2af8eb42d56 -> 
========================================================================
Received Import Request.
  Time since last request: 1297394.963758 seconds.
  path: Assets/Prefabs
  artifactKey: Guid(e5054e0f19b278741908fa3f1b5d84ac) Importer(815301076,1909f56bfc062723c751e8b465ee728b)
Start importing Assets/Prefabs using Guid(e5054e0f19b278741908fa3f1b5d84ac) Importer(815301076,1909f56bfc062723c751e8b465ee728b)  -> (artifact id: 'c2ba4515ff50c06410b2308f02d3fe71') in 0.009616 seconds 
========================================================================
Received Import Request.
  Time since last request: 6.190306 seconds.
  path: Assets/Prefabs/Player.prefab
  artifactKey: Guid(f806475addda7b74e938fab1c1322e82) Importer(815301076,1909f56bfc062723c751e8b465ee728b)
Start importing Assets/Prefabs/Player.prefab using Guid(f806475addda7b74e938fab1c1322e82) Importer(815301076,1909f56bfc062723c751e8b465ee728b)  -> (artifact id: '5e182a9df7fdd109843c7c919ee8a1fc') in 0.111171 seconds 
========================================================================
Received Import Request.
  Time since last request: 50.655853 seconds.
  path: Assets/Prefabs/enemy 0.prefab
  artifactKey: Guid(e0597aa7e2a30084bbc730d2fce11117) Importer(815301076,1909f56bfc062723c751e8b465ee728b)
Start importing Assets/Prefabs/enemy 0.prefab using Guid(e0597aa7e2a30084bbc730d2fce11117) Importer(815301076,1909f56bfc062723c751e8b465ee728b)  -> (artifact id: '6ac62cd4b2ec068c2ee5b661f1364ca0') in 0.009741 seconds 
========================================================================
Received Import Request.
  Time since last request: 188.042285 seconds.
  path: Assets/Asset Packs/starfield background sprite
  artifactKey: Guid(e13c588e62f8c3448911da305d4d5909) Importer(815301076,1909f56bfc062723c751e8b465ee728b)
Start importing Assets/Asset Packs/starfield background sprite using Guid(e13c588e62f8c3448911da305d4d5909) Importer(815301076,1909f56bfc062723c751e8b465ee728b)  -> (artifact id: '0dce189788a0fc0ce7978aaeed8af85d') in 0.005743 seconds 
========================================================================
Received Import Request.
  Time since last request: 1.125887 seconds.
  path: Assets/Asset Packs/starfield background sprite/starfield background sprite
  artifactKey: Guid(dbcbc24d71434d94b9e32e399643220e) Importer(815301076,1909f56bfc062723c751e8b465ee728b)
Start importing Assets/Asset Packs/starfield background sprite/starfield background sprite using Guid(dbcbc24d71434d94b9e32e399643220e) Importer(815301076,1909f56bfc062723c751e8b465ee728b)  -> (artifact id: 'c52d987aaeeaaf8f56885f162fedf94b') in 0.001763 seconds 
========================================================================
Received Import Request.
  Time since last request: 0.272391 seconds.
  path: Assets/Asset Packs/starfield background sprite/starfield background sprite/starfield background sprite.unitypackage
  artifactKey: Guid(fa7bda50ecdd6d044a859671bb287e83) Importer(815301076,1909f56bfc062723c751e8b465ee728b)
Start importing Assets/Asset Packs/starfield background sprite/starfield background sprite/starfield background sprite.unitypackage using Guid(fa7bda50ecdd6d044a859671bb287e83) Importer(815301076,1909f56bfc062723c751e8b465ee728b)  -> (artifact id: 'b37762cd87ffbff5d1f4ff1a53759d0d') in 0.003427 seconds 
========================================================================
Received Import Request.
  Time since last request: 28.309618 seconds.
  path: Assets/Asset Packs/starfield background sprite/starfield background sprite/Images
  artifactKey: Guid(3c8de0c505fed67478104fdababee502) Importer(815301076,1909f56bfc062723c751e8b465ee728b)
Start importing Assets/Asset Packs/starfield background sprite/starfield background sprite/Images using Guid(3c8de0c505fed67478104fdababee502) Importer(815301076,1909f56bfc062723c751e8b465ee728b)  -> (artifact id: 'dbe8cb85013a9313279789d94552ac86') in 0.004453 seconds 
========================================================================
Received Import Request.
  Time since last request: 0.063501 seconds.
  path: Assets/Asset Packs/starfield background sprite/starfield background sprite/Images/starfield.png
  artifactKey: Guid(06d154f7fb398cd4c909f927163078b4) Importer(815301076,1909f56bfc062723c751e8b465ee728b)
Start importing Assets/Asset Packs/starfield background sprite/starfield background sprite/Images/starfield.png using Guid(06d154f7fb398cd4c909f927163078b4) Importer(815301076,1909f56bfc062723c751e8b465ee728b)  -> (artifact id: 'e1083d70393fbec8cd79bd69ac18aa46') in 0.196892 seconds 
